[2017-05-05 14:04:32,656] [main []] TraceLogger [DEBUG] {QAntServer}: ======================== QUEEN ANT SOCKET ===================== 
[2017-05-05 14:04:32,685] [main []] TraceLogger [ INFO] {APIManager}: - init APIManager 
[2017-05-05 14:04:32,689] [main []] TraceLogger [ INFO] {QAntEventManager}: - init QAntEventManager 
[2017-05-05 14:04:32,692] [main []] TraceLogger [DEBUG] {QAntExtensionManager}: Extension Manager started. 
[2017-05-05 14:04:32,696] [main []] TraceLogger [ INFO] {SystemController}: Controller started: com.creants.creants_2x.core.controllers.SystemController -- Queue: 0/50 
[2017-05-05 14:04:32,696] [main []] TraceLogger [ INFO] {ExtensionController}: - init ExtensionController 
[2017-05-05 14:04:32,696] [main []] TraceLogger [ INFO] {ExtensionController}: Controller started: com.creants.creants_2x.core.controllers.ExtensionController -- Queue: 0/50 
[2017-05-05 14:04:32,699] [main []] TraceLogger [ INFO] {QAntZoneManager}: 

::::::::::::::::::::::::::::::::::::::::::::::::::::::::::::::::::::::::::::::
 >> Zone: MuFantasy 
::::::::::::::::::::::::::::::::::::::::::::::::::::::::::::::::::::::::::::::
 
[2017-05-05 14:04:32,706] [main []] TraceLogger [DEBUG] {MuFantasyExtension}: ========================= START MU ========================= 
[2017-05-05 14:04:32,708] [main []] TraceLogger [DEBUG] {MuFantasyExtension}: ========================= MU STARTED ========================= 
[2017-05-05 14:04:32,957] [main []] TraceLogger [DEBUG] {QAntServer}: ======================== QUEEN ANT SOCKET STARTED ===================== 
[2017-05-05 14:04:32,976] [nioEventLoopGroup-2-2 []] TraceLogger [ INFO] {}: WEBSOCKET SERVER INFO:/192.168.1.40:8889 
[2017-05-05 14:04:32,976] [nioEventLoopGroup-2-1 []] TraceLogger [ INFO] {}: SOCKET SERVER INFO:/192.168.1.40:8888 
[2017-05-05 14:04:45,325] [nioEventLoopGroup-3-1 []] TraceLogger [ INFO] {DefaultChannelManager}: Session created: [id: 0xfd3f270f, L:/192.168.1.40:8889 - R:/192.168.1.40:57365], address: /192.168.1.40:8889 
[2017-05-05 14:04:49,800] [com.creants.creants_2x.core.controllers.SystemController-1 []] TraceLogger [DEBUG] {SystemController}: {IN}: Login 
[2017-05-05 14:04:50,387] [nioEventLoopGroup-3-1 []] TraceLogger [DEBUG] {}: - Send:
	(short) a: 1
	(byte) c: 0
	(qant_object) p: 
		(long) mn: 10000
		(long) uid: 286
		(utf_string) tk: eyJhbGciOiJIUzI1NiJ9.eyJpZCI6IjI4NiIsImV4cCI6MTQ5NDgzMTkwNCwiaXNzIjoiYXV0aDAiLCJ0dGwiOjg2NDAwMDAwMH0.vyzI8b7WI5ppVEBGN8x7Xmhll9t6Vg0HwdCw2Hy5vnY
		(utf_string) avt: http://i.imgur.com/QY8Vbva.png
		(utf_string) fn: test1001
		
	
	
 
[2017-05-05 14:04:50,420] [com.creants.creants_2x.core.controllers.ExtensionController-1 []] TraceLogger [DEBUG] {ExtensionController}: [Req Type: TCP, Sender: [id: 0xfd3f270f, L:/192.168.1.40:8889 - R:/192.168.1.40:57365]] 
[2017-05-05 14:04:50,420] [com.creants.creants_2x.core.controllers.ExtensionController-1 []] TraceLogger [DEBUG] {ExtensionController}: 
	(utf_string) c: cmd_chat
	(qant_object) p: 
		(utf_string) msg: hello lamha
		
	
	
 
[2017-05-05 14:04:50,424] [com.creants.creants_2x.core.controllers.ExtensionController-1 []] TraceLogger [DEBUG] {ExtensionController}: Extension call executed in: 3 milisecond 
[2017-05-05 14:05:59,790] [main []] TraceLogger [DEBUG] {QAntServer}: ======================== QUEEN ANT SOCKET ===================== 
[2017-05-05 14:05:59,809] [main []] TraceLogger [ INFO] {APIManager}: - init APIManager 
[2017-05-05 14:05:59,814] [main []] TraceLogger [ INFO] {QAntEventManager}: - init QAntEventManager 
[2017-05-05 14:05:59,818] [main []] TraceLogger [DEBUG] {QAntExtensionManager}: Extension Manager started. 
[2017-05-05 14:05:59,899] [main []] TraceLogger [ INFO] {SystemController}: Controller started: com.creants.creants_2x.core.controllers.SystemController -- Queue: 0/50 
[2017-05-05 14:05:59,899] [main []] TraceLogger [ INFO] {ExtensionController}: - init ExtensionController 
[2017-05-05 14:05:59,901] [main []] TraceLogger [ INFO] {ExtensionController}: Controller started: com.creants.creants_2x.core.controllers.ExtensionController -- Queue: 0/50 
[2017-05-05 14:05:59,906] [main []] TraceLogger [ INFO] {QAntZoneManager}: 

::::::::::::::::::::::::::::::::::::::::::::::::::::::::::::::::::::::::::::::
 >> Zone: MuFantasy 
::::::::::::::::::::::::::::::::::::::::::::::::::::::::::::::::::::::::::::::
 
[2017-05-05 14:05:59,922] [main []] TraceLogger [DEBUG] {MuFantasyExtension}: ========================= START MU ========================= 
[2017-05-05 14:05:59,924] [main []] TraceLogger [DEBUG] {MuFantasyExtension}: ========================= MU STARTED ========================= 
[2017-05-05 14:06:00,132] [nioEventLoopGroup-2-1 []] TraceLogger [ INFO] {}: SOCKET SERVER INFO:/192.168.1.40:8888 
[2017-05-05 14:06:00,133] [main []] TraceLogger [DEBUG] {QAntServer}: ======================== QUEEN ANT SOCKET STARTED ===================== 
[2017-05-05 14:06:00,133] [nioEventLoopGroup-2-2 []] TraceLogger [ INFO] {}: WEBSOCKET SERVER INFO:/192.168.1.40:8889 
[2017-05-05 14:06:04,254] [nioEventLoopGroup-3-1 []] TraceLogger [ INFO] {DefaultChannelManager}: Session created: [id: 0xf261f35b, L:/192.168.1.40:8889 - R:/192.168.1.40:57407], address: /192.168.1.40:8889 
[2017-05-05 14:06:09,130] [com.creants.creants_2x.core.controllers.SystemController-1 []] TraceLogger [DEBUG] {SystemController}: {IN}: Login 
[2017-05-05 14:06:09,518] [nioEventLoopGroup-3-1 []] TraceLogger [DEBUG] {}: - Send:
	(short) a: 1
	(byte) c: 0
	(qant_object) p: 
		(long) mn: 10000
		(long) uid: 286
		(utf_string) tk: eyJhbGciOiJIUzI1NiJ9.eyJpZCI6IjI4NiIsImV4cCI6MTQ5NDgzMTk4MywiaXNzIjoiYXV0aDAiLCJ0dGwiOjg2NDAwMDAwMH0.9gOD-z_J4p3o_fB7CSs-W7qk3boYjwaLKr3355F0Q1o
		(utf_string) avt: http://i.imgur.com/QY8Vbva.png
		(utf_string) fn: test1001
		
	
	
 
[2017-05-05 14:06:09,559] [com.creants.creants_2x.core.controllers.ExtensionController-1 []] TraceLogger [DEBUG] {ExtensionController}: [Req Type: TCP, Sender: [id: 0xf261f35b, L:/192.168.1.40:8889 - R:/192.168.1.40:57407]] 
[2017-05-05 14:06:09,559] [com.creants.creants_2x.core.controllers.ExtensionController-1 []] TraceLogger [DEBUG] {ExtensionController}: 
	(utf_string) c: cmd_chat
	(qant_object) p: 
		(utf_string) msg: hello lamha
		
	
	
 
[2017-05-05 14:06:09,561] [com.creants.creants_2x.core.controllers.ExtensionController-1 []] TraceLogger [DEBUG] {ExtensionController}: Extension call executed in: 2 milisecond 
[2017-05-05 14:08:32,244] [main []] TraceLogger [DEBUG] {QAntServer}: ======================== QUEEN ANT SOCKET ===================== 
[2017-05-05 14:08:32,271] [main []] TraceLogger [ INFO] {APIManager}: - init APIManager 
[2017-05-05 14:08:32,276] [main []] TraceLogger [ INFO] {QAntEventManager}: - init QAntEventManager 
[2017-05-05 14:08:32,282] [main []] TraceLogger [DEBUG] {QAntExtensionManager}: Extension Manager started. 
[2017-05-05 14:08:32,288] [main []] TraceLogger [ INFO] {SystemController}: Controller started: com.creants.creants_2x.core.controllers.SystemController -- Queue: 0/50 
[2017-05-05 14:08:32,288] [main []] TraceLogger [ INFO] {ExtensionController}: - init ExtensionController 
[2017-05-05 14:08:32,289] [main []] TraceLogger [ INFO] {ExtensionController}: Controller started: com.creants.creants_2x.core.controllers.ExtensionController -- Queue: 0/50 
[2017-05-05 14:08:32,294] [main []] TraceLogger [ INFO] {QAntZoneManager}: 

::::::::::::::::::::::::::::::::::::::::::::::::::::::::::::::::::::::::::::::
 >> Zone: MuFantasy 
::::::::::::::::::::::::::::::::::::::::::::::::::::::::::::::::::::::::::::::
 
[2017-05-05 14:08:32,303] [main []] TraceLogger [DEBUG] {MuFantasyExtension}: ========================= START MU ========================= 
[2017-05-05 14:08:32,307] [main []] TraceLogger [DEBUG] {MuFantasyExtension}: ========================= MU STARTED ========================= 
[2017-05-05 14:08:32,525] [nioEventLoopGroup-2-1 []] TraceLogger [ INFO] {}: SOCKET SERVER INFO:/192.168.1.40:8888 
[2017-05-05 14:08:32,528] [main []] TraceLogger [DEBUG] {QAntServer}: ======================== QUEEN ANT SOCKET STARTED ===================== 
[2017-05-05 14:08:32,528] [nioEventLoopGroup-2-2 []] TraceLogger [ INFO] {}: WEBSOCKET SERVER INFO:/192.168.1.40:8889 
[2017-05-05 14:08:36,316] [nioEventLoopGroup-3-1 []] TraceLogger [ INFO] {DefaultChannelManager}: Session created: [id: 0x198a09bd, L:/192.168.1.40:8889 - R:/192.168.1.40:57457], address: /192.168.1.40:8889 
[2017-05-05 14:08:39,756] [com.creants.creants_2x.core.controllers.SystemController-1 []] TraceLogger [DEBUG] {SystemController}: {IN}: Login 
[2017-05-05 14:08:40,203] [nioEventLoopGroup-3-1 []] TraceLogger [DEBUG] {}: - Send:
	(short) a: 1
	(byte) c: 0
	(qant_object) p: 
		(long) mn: 10000
		(long) uid: 286
		(utf_string) tk: eyJhbGciOiJIUzI1NiJ9.eyJpZCI6IjI4NiIsImV4cCI6MTQ5NDgzMjEzMywiaXNzIjoiYXV0aDAiLCJ0dGwiOjg2NDAwMDAwMH0.AAPXbCTSEWC9CJs_LuxDW-DQY3FK2bV9DG-giYx6bZ0
		(utf_string) avt: http://i.imgur.com/QY8Vbva.png
		(utf_string) fn: test1001
		
	
	
 
[2017-05-05 14:08:40,225] [com.creants.creants_2x.core.controllers.ExtensionController-1 []] TraceLogger [DEBUG] {ExtensionController}: [Req Type: TCP, Sender: [id: 0x198a09bd, L:/192.168.1.40:8889 - R:/192.168.1.40:57457]] 
[2017-05-05 14:08:40,226] [com.creants.creants_2x.core.controllers.ExtensionController-1 []] TraceLogger [DEBUG] {ExtensionController}: 
	(utf_string) c: cmd_chat
	(qant_object) p: 
		(utf_string) msg: hello lamha
		
	
	
 
[2017-05-05 14:08:41,304] [com.creants.creants_2x.core.controllers.ExtensionController-1 []] TraceLogger [DEBUG] {ExtensionController}: Extension call executed in: 1078 milisecond 
[2017-05-05 14:09:35,058] [main []] TraceLogger [DEBUG] {QAntServer}: ======================== QUEEN ANT SOCKET ===================== 
[2017-05-05 14:09:35,083] [main []] TraceLogger [ INFO] {APIManager}: - init APIManager 
[2017-05-05 14:09:35,090] [main []] TraceLogger [ INFO] {QAntEventManager}: - init QAntEventManager 
[2017-05-05 14:09:35,098] [main []] TraceLogger [DEBUG] {QAntExtensionManager}: Extension Manager started. 
[2017-05-05 14:09:35,141] [main []] TraceLogger [ INFO] {SystemController}: Controller started: com.creants.creants_2x.core.controllers.SystemController -- Queue: 0/50 
[2017-05-05 14:09:35,141] [main []] TraceLogger [ INFO] {ExtensionController}: - init ExtensionController 
[2017-05-05 14:09:35,142] [main []] TraceLogger [ INFO] {ExtensionController}: Controller started: com.creants.creants_2x.core.controllers.ExtensionController -- Queue: 0/50 
[2017-05-05 14:09:35,160] [main []] TraceLogger [ INFO] {QAntZoneManager}: 

::::::::::::::::::::::::::::::::::::::::::::::::::::::::::::::::::::::::::::::
 >> Zone: MuFantasy 
::::::::::::::::::::::::::::::::::::::::::::::::::::::::::::::::::::::::::::::
 
[2017-05-05 14:09:35,173] [main []] TraceLogger [DEBUG] {MuFantasyExtension}: ========================= START MU ========================= 
[2017-05-05 14:09:35,176] [main []] TraceLogger [DEBUG] {MuFantasyExtension}: ========================= MU STARTED ========================= 
[2017-05-05 14:09:35,378] [nioEventLoopGroup-2-1 []] TraceLogger [ INFO] {}: SOCKET SERVER INFO:/192.168.1.40:8888 
[2017-05-05 14:09:35,380] [main []] TraceLogger [DEBUG] {QAntServer}: ======================== QUEEN ANT SOCKET STARTED ===================== 
[2017-05-05 14:09:35,380] [nioEventLoopGroup-2-2 []] TraceLogger [ INFO] {}: WEBSOCKET SERVER INFO:/192.168.1.40:8889 
[2017-05-05 14:09:41,210] [nioEventLoopGroup-3-1 []] TraceLogger [ INFO] {DefaultChannelManager}: Session created: [id: 0x4548b69a, L:/192.168.1.40:8889 - R:/192.168.1.40:57506], address: /192.168.1.40:8889 
[2017-05-05 14:09:45,149] [com.creants.creants_2x.core.controllers.SystemController-1 []] TraceLogger [DEBUG] {SystemController}: {IN}: Login 
[2017-05-05 14:09:45,578] [nioEventLoopGroup-3-1 []] TraceLogger [DEBUG] {}: - Send:
	(short) a: 1
	(byte) c: 0
	(qant_object) p: 
		(long) mn: 10000
		(long) uid: 286
		(utf_string) tk: eyJhbGciOiJIUzI1NiJ9.eyJpZCI6IjI4NiIsImV4cCI6MTQ5NDgzMjE5OSwiaXNzIjoiYXV0aDAiLCJ0dGwiOjg2NDAwMDAwMH0.I7wZolY6M_gaBLrXKLPmlTbRsiIEFRmc8vor6bvRVEY
		(utf_string) avt: http://i.imgur.com/QY8Vbva.png
		(utf_string) fn: test1001
		
	
	
 
[2017-05-05 14:09:45,590] [com.creants.creants_2x.core.controllers.ExtensionController-1 []] TraceLogger [DEBUG] {ExtensionController}: [Req Type: TCP, Sender: [id: 0x4548b69a, L:/192.168.1.40:8889 - R:/192.168.1.40:57506]] 
[2017-05-05 14:09:45,590] [com.creants.creants_2x.core.controllers.ExtensionController-1 []] TraceLogger [DEBUG] {ExtensionController}: 
	(utf_string) c: cmd_chat
	(qant_object) p: 
		(utf_string) msg: hello lamha
		
	
	
 
[2017-05-05 14:09:51,096] [com.creants.creants_2x.core.controllers.ExtensionController-1 []] TraceLogger [DEBUG] {ExtensionController}: Extension call executed in: 5505 milisecond 
[2017-05-05 14:30:44,593] [nioEventLoopGroup-3-2 []] TraceLogger [ INFO] {DefaultChannelManager}: Session created: [id: 0xcf18a2df, L:/192.168.1.40:8889 - R:/192.168.1.40:57593], address: /192.168.1.40:8889 
[2017-05-05 14:31:12,407] [com.creants.creants_2x.core.controllers.SystemController-1 []] TraceLogger [DEBUG] {SystemController}: {IN}: Login 
[2017-05-05 14:31:12,579] [nioEventLoopGroup-3-2 []] TraceLogger [DEBUG] {}: - Send:
	(short) a: 1
	(byte) c: 0
	(qant_object) p: 
		(long) mn: 10000
		(long) uid: 287
		(utf_string) tk: eyJhbGciOiJIUzI1NiJ9.eyJpZCI6IjI4NyIsImV4cCI6MTQ5NDgzMzQ4NiwiaXNzIjoiYXV0aDAiLCJ0dGwiOjg2NDAwMDAwMH0.uMZmeqZxCJ_EL4m80gtq_FesS2c89PgtmnsC9HeztVk
		(utf_string) avt: http://i.imgur.com/997n24i.png
		(utf_string) fn: testuser999
		
	
	
 
[2017-05-05 14:31:12,608] [com.creants.creants_2x.core.controllers.ExtensionController-1 []] TraceLogger [DEBUG] {ExtensionController}: [Req Type: TCP, Sender: [id: 0xcf18a2df, L:/192.168.1.40:8889 - R:/192.168.1.40:57593]] 
[2017-05-05 14:31:12,609] [com.creants.creants_2x.core.controllers.ExtensionController-1 []] TraceLogger [DEBUG] {ExtensionController}: 
	(utf_string) c: cmd_chat
	(qant_object) p: 
		(utf_string) msg: hello lamha
		
	
	
 
[2017-05-05 14:31:18,381] [com.creants.creants_2x.core.controllers.ExtensionController-1 []] TraceLogger [DEBUG] {ExtensionController}: Extension call executed in: 5772 milisecond 
[2017-05-05 14:31:40,871] [nioEventLoopGroup-3-3 []] TraceLogger [ INFO] {DefaultChannelManager}: Session created: [id: 0x6cd90424, L:/192.168.1.40:8889 - R:/192.168.1.40:57597], address: /192.168.1.40:8889 
[2017-05-05 14:31:45,871] [com.creants.creants_2x.core.controllers.SystemController-1 []] TraceLogger [DEBUG] {SystemController}: {IN}: Login 
[2017-05-05 14:31:46,041] [nioEventLoopGroup-3-3 []] TraceLogger [DEBUG] {}: - Send:
	(short) a: 1
	(byte) c: 0
	(qant_object) p: 
		(long) mn: 10000
		(long) uid: 287
		(utf_string) tk: eyJhbGciOiJIUzI1NiJ9.eyJpZCI6IjI4NyIsImV4cCI6MTQ5NDgzMzUyMCwiaXNzIjoiYXV0aDAiLCJ0dGwiOjg2NDAwMDAwMH0.1aClrDWaBMczgEC1vc-QURCTId-0bUdZM0QvTdgJh4Q
		(utf_string) avt: http://i.imgur.com/997n24i.png
		(utf_string) fn: testuser999
		
	
	
 
[2017-05-05 14:31:46,058] [com.creants.creants_2x.core.controllers.ExtensionController-1 []] TraceLogger [DEBUG] {ExtensionController}: [Req Type: TCP, Sender: [id: 0x6cd90424, L:/192.168.1.40:8889 - R:/192.168.1.40:57597]] 
[2017-05-05 14:31:46,059] [com.creants.creants_2x.core.controllers.ExtensionController-1 []] TraceLogger [DEBUG] {ExtensionController}: 
	(utf_string) c: cmd_chat
	(qant_object) p: 
		(utf_string) msg: hello lamha
		
	
	
 
[2017-05-05 14:31:54,893] [com.creants.creants_2x.core.controllers.ExtensionController-1 []] TraceLogger [DEBUG] {ExtensionController}: Extension call executed in: 8835 milisecond 
[2017-05-05 14:34:40,673] [com.creants.creants_2x.core.controllers.ExtensionController-1 []] TraceLogger [DEBUG] {ExtensionController}: [Req Type: TCP, Sender: [id: 0x6cd90424, L:/192.168.1.40:8889 - R:/192.168.1.40:57597]] 
[2017-05-05 14:34:40,674] [com.creants.creants_2x.core.controllers.ExtensionController-1 []] TraceLogger [DEBUG] {ExtensionController}: 
	(utf_string) c: cmd_join_game
	(qant_object) p: 
		(byte) gid: 2
		
	
	
 
[2017-05-05 14:34:40,980] [com.creants.creants_2x.core.controllers.ExtensionController-1 []] TraceLogger [DEBUG] {ExtensionController}: Extension call executed in: 306 milisecond 
[2017-05-05 14:34:40,981] [nioEventLoopGroup-3-3 []] TraceLogger [DEBUG] {}: - Send:
	(short) a: 13
	(byte) c: 1
	(qant_object) p: 
		(utf_string) rl: []
		(utf_string) c: cmd_join_game
		
	
	
 
[2017-05-05 14:34:44,581] [com.creants.creants_2x.core.controllers.ExtensionController-1 []] TraceLogger [DEBUG] {ExtensionController}: [Req Type: TCP, Sender: [id: 0x6cd90424, L:/192.168.1.40:8889 - R:/192.168.1.40:57597]] 
[2017-05-05 14:34:44,581] [com.creants.creants_2x.core.controllers.ExtensionController-1 []] TraceLogger [DEBUG] {ExtensionController}: 
	(utf_string) c: cmd_create_room
	(qant_object) p: 
		(utf_string) n: Day la phong cua tao
		(utf_string) g: MauBinh
		(short) mu: 4
		
	
	
 
[2017-05-05 14:34:44,585] [com.creants.creants_2x.core.controllers.ExtensionController-1 []] TraceLogger [DEBUG] {MuFantasyExtension}: ========================= START MU ========================= 
[2017-05-05 14:34:44,586] [com.creants.creants_2x.core.controllers.ExtensionController-1 []] TraceLogger [DEBUG] {MuFantasyExtension}: ========================= MU STARTED ========================= 
[2017-05-05 14:34:44,586] [com.creants.creants_2x.core.controllers.ExtensionController-1 []] TraceLogger [ INFO] {QAntRoomManager}: Room created: com.creants.creants_2x.core.entities.QAntZone@27b83cd, [ Room: Day la phong cua tao, Id: 0, Group: MuFantasy, isGame: true ], type = QAntRoom 
[2017-05-05 14:34:44,588] [com.creants.creants_2x.core.controllers.ExtensionController-1 []] TraceLogger [DEBUG] {ExtensionController}: Extension call executed in: 7 milisecond 
[2017-05-05 14:34:44,589] [nioEventLoopGroup-3-3 []] TraceLogger [DEBUG] {}: - Send:
	(short) a: 4
	(byte) c: 0
	(qant_object) p: 
		
	
	
 
[2017-05-05 14:44:29,660] [main []] TraceLogger [DEBUG] {QAntServer}: ======================== QUEEN ANT SOCKET ===================== 
[2017-05-05 14:44:29,678] [main []] TraceLogger [ INFO] {APIManager}: - init APIManager 
[2017-05-05 14:44:29,683] [main []] TraceLogger [ INFO] {QAntEventManager}: - init QAntEventManager 
[2017-05-05 14:44:29,686] [main []] TraceLogger [DEBUG] {QAntExtensionManager}: Extension Manager started. 
[2017-05-05 14:44:29,690] [main []] TraceLogger [ INFO] {SystemController}: Controller started: com.creants.creants_2x.core.controllers.SystemController -- Queue: 0/50 
[2017-05-05 14:44:29,690] [main []] TraceLogger [ INFO] {ExtensionController}: - init ExtensionController 
[2017-05-05 14:44:29,691] [main []] TraceLogger [ INFO] {ExtensionController}: Controller started: com.creants.creants_2x.core.controllers.ExtensionController -- Queue: 0/50 
[2017-05-05 14:44:29,711] [main []] TraceLogger [ INFO] {QAntZoneManager}: 

::::::::::::::::::::::::::::::::::::::::::::::::::::::::::::::::::::::::::::::
 >> Zone: MuFantasy 
::::::::::::::::::::::::::::::::::::::::::::::::::::::::::::::::::::::::::::::
 
[2017-05-05 14:44:29,718] [main []] TraceLogger [DEBUG] {MuFantasyExtension}: ========================= START MU ========================= 
[2017-05-05 14:44:29,721] [main []] TraceLogger [DEBUG] {MuFantasyExtension}: ========================= MU STARTED ========================= 
[2017-05-05 14:44:29,881] [nioEventLoopGroup-2-1 []] TraceLogger [ INFO] {}: SOCKET SERVER INFO:/192.168.1.40:8888 
[2017-05-05 14:44:29,882] [nioEventLoopGroup-2-2 []] TraceLogger [ INFO] {}: WEBSOCKET SERVER INFO:/192.168.1.40:8889 
[2017-05-05 14:44:29,881] [main []] TraceLogger [DEBUG] {QAntServer}: ======================== QUEEN ANT SOCKET STARTED ===================== 
[2017-05-05 14:45:26,962] [nioEventLoopGroup-3-1 []] TraceLogger [ INFO] {DefaultChannelManager}: Session created: [id: 0xadde0b69, L:/192.168.1.40:8889 - R:/192.168.1.40:57724], address: /192.168.1.40:8889 
[2017-05-05 14:45:31,553] [com.creants.creants_2x.core.controllers.SystemController-1 []] TraceLogger [DEBUG] {SystemController}: {IN}: Login 
[2017-05-05 14:45:31,891] [nioEventLoopGroup-3-1 []] TraceLogger [DEBUG] {}: - Send:
	(short) a: 1
	(byte) c: 0
	(qant_object) p: 
		(long) mn: 10000
		(long) uid: 286
		(utf_string) tk: eyJhbGciOiJIUzI1NiJ9.eyJpZCI6IjI4NiIsImV4cCI6MTQ5NDgzNDM0NSwiaXNzIjoiYXV0aDAiLCJ0dGwiOjg2NDAwMDAwMH0.kPJEMbR1Px_xZXgTbiHTVHLyAJbC0uIaiXjxAMJtwus
		(utf_string) avt: http://i.imgur.com/QY8Vbva.png
		(utf_string) fn: test1001
		
	
	
 
[2017-05-05 14:45:31,910] [com.creants.creants_2x.core.controllers.ExtensionController-1 []] TraceLogger [DEBUG] {ExtensionController}: [Req Type: TCP, Sender: [id: 0xadde0b69, L:/192.168.1.40:8889 - R:/192.168.1.40:57724]] 
[2017-05-05 14:45:31,910] [com.creants.creants_2x.core.controllers.ExtensionController-1 []] TraceLogger [DEBUG] {ExtensionController}: 
	(utf_string) c: cmd_chat
	(qant_object) p: 
		(utf_string) msg: hello lamha
		
	
	
 
[2017-05-05 14:45:31,977] [com.creants.creants_2x.core.controllers.ExtensionController-1 []] TraceLogger [DEBUG] {ExtensionController}: Extension call executed in: 67 milisecond 
[2017-05-05 14:45:34,253] [com.creants.creants_2x.core.controllers.ExtensionController-1 []] TraceLogger [DEBUG] {ExtensionController}: [Req Type: TCP, Sender: [id: 0xadde0b69, L:/192.168.1.40:8889 - R:/192.168.1.40:57724]] 
[2017-05-05 14:45:34,254] [com.creants.creants_2x.core.controllers.ExtensionController-1 []] TraceLogger [DEBUG] {ExtensionController}: 
	(utf_string) c: cmd_join_game
	(qant_object) p: 
		(byte) gid: 2
		
	
	
 
[2017-05-05 14:45:34,425] [com.creants.creants_2x.core.controllers.ExtensionController-1 []] TraceLogger [DEBUG] {ExtensionController}: Extension call executed in: 171 milisecond 
[2017-05-05 14:45:34,426] [nioEventLoopGroup-3-1 []] TraceLogger [DEBUG] {}: - Send:
	(short) a: 13
	(byte) c: 1
	(qant_object) p: 
		(utf_string) rl: []
		(utf_string) c: cmd_join_game
		
	
	
 
[2017-05-05 14:45:49,265] [nioEventLoopGroup-3-2 []] TraceLogger [ INFO] {DefaultChannelManager}: Session created: [id: 0x9c0397d2, L:/192.168.1.40:8889 - R:/192.168.1.40:57745], address: /192.168.1.40:8889 
[2017-05-05 14:46:03,175] [com.creants.creants_2x.core.controllers.SystemController-1 []] TraceLogger [DEBUG] {SystemController}: {IN}: Login 
[2017-05-05 14:46:03,264] [nioEventLoopGroup-3-2 []] TraceLogger [DEBUG] {}: - Send:
	(short) a: 1
	(byte) c: 0
	(qant_object) p: 
		(long) mn: 10000
		(long) uid: 286
		(utf_string) tk: eyJhbGciOiJIUzI1NiJ9.eyJpZCI6IjI4NiIsImV4cCI6MTQ5NDgzNDM3NywiaXNzIjoiYXV0aDAiLCJ0dGwiOjg2NDAwMDAwMH0.Q5X2Ceijb3JZgb8jPbgKCvNbzNvvExqy7sIQ0llLKgY
		(utf_string) avt: http://i.imgur.com/QY8Vbva.png
		(utf_string) fn: test1001
		
	
	
 
[2017-05-05 14:46:03,286] [com.creants.creants_2x.core.controllers.ExtensionController-1 []] TraceLogger [DEBUG] {ExtensionController}: [Req Type: TCP, Sender: [id: 0x9c0397d2, L:/192.168.1.40:8889 - R:/192.168.1.40:57745]] 
[2017-05-05 14:46:03,286] [com.creants.creants_2x.core.controllers.ExtensionController-1 []] TraceLogger [DEBUG] {ExtensionController}: 
	(utf_string) c: cmd_chat
	(qant_object) p: 
		(utf_string) msg: hello lamha
		
	
	
 
[2017-05-05 14:46:03,290] [com.creants.creants_2x.core.controllers.ExtensionController-1 []] TraceLogger [DEBUG] {ExtensionController}: Extension call executed in: 4 milisecond 
[2017-05-05 14:46:09,781] [com.creants.creants_2x.core.controllers.ExtensionController-1 []] TraceLogger [DEBUG] {ExtensionController}: [Req Type: TCP, Sender: [id: 0x9c0397d2, L:/192.168.1.40:8889 - R:/192.168.1.40:57745]] 
[2017-05-05 14:46:09,781] [com.creants.creants_2x.core.controllers.ExtensionController-1 []] TraceLogger [DEBUG] {ExtensionController}: 
	(utf_string) c: cmd_join_game
	(qant_object) p: 
		(byte) gid: 2
		
	
	
 
[2017-05-05 14:46:09,782] [com.creants.creants_2x.core.controllers.ExtensionController-1 []] TraceLogger [DEBUG] {ExtensionController}: Extension call executed in: 0 milisecond 
[2017-05-05 14:46:09,782] [nioEventLoopGroup-3-2 []] TraceLogger [DEBUG] {}: - Send:
	(short) a: 13
	(byte) c: 1
	(qant_object) p: 
		(utf_string) rl: []
		(utf_string) c: cmd_join_game
		
	
	
 
[2017-05-05 14:49:28,130] [main []] TraceLogger [DEBUG] {QAntServer}: ======================== QUEEN ANT SOCKET ===================== 
[2017-05-05 14:49:28,159] [main []] TraceLogger [ INFO] {APIManager}: - init APIManager 
[2017-05-05 14:49:28,166] [main []] TraceLogger [ INFO] {QAntEventManager}: - init QAntEventManager 
[2017-05-05 14:49:28,173] [main []] TraceLogger [DEBUG] {QAntExtensionManager}: Extension Manager started. 
[2017-05-05 14:49:28,178] [main []] TraceLogger [ INFO] {SystemController}: Controller started: com.creants.creants_2x.core.controllers.SystemController -- Queue: 0/50 
[2017-05-05 14:49:28,178] [main []] TraceLogger [ INFO] {ExtensionController}: - init ExtensionController 
[2017-05-05 14:49:28,179] [main []] TraceLogger [ INFO] {ExtensionController}: Controller started: com.creants.creants_2x.core.controllers.ExtensionController -- Queue: 0/50 
[2017-05-05 14:49:28,182] [main []] TraceLogger [ INFO] {QAntZoneManager}: 

::::::::::::::::::::::::::::::::::::::::::::::::::::::::::::::::::::::::::::::
 >> Zone: MuFantasy 
::::::::::::::::::::::::::::::::::::::::::::::::::::::::::::::::::::::::::::::
 
[2017-05-05 14:49:28,195] [main []] TraceLogger [DEBUG] {MuFantasyExtension}: ========================= START MU ========================= 
[2017-05-05 14:49:28,198] [main []] TraceLogger [DEBUG] {MuFantasyExtension}: ========================= MU STARTED ========================= 
[2017-05-05 14:49:28,594] [nioEventLoopGroup-2-1 []] TraceLogger [ INFO] {}: SOCKET SERVER INFO:/192.168.1.40:8888 
[2017-05-05 14:49:28,596] [main []] TraceLogger [DEBUG] {QAntServer}: ======================== QUEEN ANT SOCKET STARTED ===================== 
[2017-05-05 14:49:28,597] [nioEventLoopGroup-2-2 []] TraceLogger [ INFO] {}: WEBSOCKET SERVER INFO:/192.168.1.40:8889 
[2017-05-05 14:49:44,310] [nioEventLoopGroup-3-1 []] TraceLogger [ INFO] {DefaultChannelManager}: Session created: [id: 0x97e29131, L:/192.168.1.40:8889 - R:/192.168.1.40:57795], address: /192.168.1.40:8889 
[2017-05-05 14:49:48,923] [com.creants.creants_2x.core.controllers.SystemController-1 []] TraceLogger [DEBUG] {SystemController}: {IN}: Login 
[2017-05-05 14:49:49,243] [nioEventLoopGroup-3-1 []] TraceLogger [DEBUG] {}: - Send:
	(short) a: 1
	(byte) c: 0
	(qant_object) p: 
		(long) mn: 10000
		(long) uid: 286
		(utf_string) tk: eyJhbGciOiJIUzI1NiJ9.eyJpZCI6IjI4NiIsImV4cCI6MTQ5NDgzNDYwMywiaXNzIjoiYXV0aDAiLCJ0dGwiOjg2NDAwMDAwMH0.GjGPT5YBSxfj5TkHwN5Ppg32TEzMiohnyx0Rr5mxnQM
		(utf_string) avt: http://i.imgur.com/QY8Vbva.png
		(utf_string) fn: test1001
		
	
	
 
[2017-05-05 14:49:49,256] [com.creants.creants_2x.core.controllers.ExtensionController-1 []] TraceLogger [DEBUG] {ExtensionController}: [Req Type: TCP, Sender: [id: 0x97e29131, L:/192.168.1.40:8889 - R:/192.168.1.40:57795]] 
[2017-05-05 14:49:49,256] [com.creants.creants_2x.core.controllers.ExtensionController-1 []] TraceLogger [DEBUG] {ExtensionController}: 
	(utf_string) c: cmd_chat
	(qant_object) p: 
		(utf_string) msg: hello lamha
		
	
	
 
[2017-05-05 14:49:49,313] [com.creants.creants_2x.core.controllers.ExtensionController-1 []] TraceLogger [DEBUG] {ExtensionController}: Extension call executed in: 57 milisecond 
[2017-05-05 14:51:31,048] [nioEventLoopGroup-3-2 []] TraceLogger [ INFO] {DefaultChannelManager}: Session created: [id: 0x9d8edbb2, L:/192.168.1.40:8889 - R:/192.168.1.40:57815], address: /192.168.1.40:8889 
[2017-05-05 14:52:04,341] [com.creants.creants_2x.core.controllers.SystemController-1 []] TraceLogger [DEBUG] {SystemController}: {IN}: Login 
[2017-05-05 14:52:04,439] [nioEventLoopGroup-3-2 []] TraceLogger [DEBUG] {}: - Send:
	(short) a: 1
	(byte) c: 0
	(qant_object) p: 
		(long) mn: 10000
		(long) uid: 287
		(utf_string) tk: eyJhbGciOiJIUzI1NiJ9.eyJpZCI6IjI4NyIsImV4cCI6MTQ5NDgzNDczOCwiaXNzIjoiYXV0aDAiLCJ0dGwiOjg2NDAwMDAwMH0.ud3twXeJd99oRWAKze_yFfyrcG4lUaBp5KP8aJy1r_A
		(utf_string) avt: http://i.imgur.com/997n24i.png
		(utf_string) fn: testuser999
		
	
	
 
[2017-05-05 14:52:04,470] [com.creants.creants_2x.core.controllers.ExtensionController-1 []] TraceLogger [DEBUG] {ExtensionController}: [Req Type: TCP, Sender: [id: 0x9d8edbb2, L:/192.168.1.40:8889 - R:/192.168.1.40:57815]] 
[2017-05-05 14:52:04,471] [com.creants.creants_2x.core.controllers.ExtensionController-1 []] TraceLogger [DEBUG] {ExtensionController}: 
	(utf_string) c: cmd_chat
	(qant_object) p: 
		(utf_string) msg: hello lamha
		
	
	
 
[2017-05-05 14:52:04,474] [com.creants.creants_2x.core.controllers.ExtensionController-1 []] TraceLogger [DEBUG] {ExtensionController}: Extension call executed in: 3 milisecond 
[2017-05-05 14:54:26,939] [main []] TraceLogger [DEBUG] {QAntServer}: ======================== QUEEN ANT SOCKET ===================== 
[2017-05-05 14:54:26,967] [main []] TraceLogger [ INFO] {APIManager}: - init APIManager 
[2017-05-05 14:54:26,973] [main []] TraceLogger [ INFO] {QAntEventManager}: - init QAntEventManager 
[2017-05-05 14:54:26,976] [main []] TraceLogger [DEBUG] {QAntExtensionManager}: Extension Manager started. 
[2017-05-05 14:54:26,981] [main []] TraceLogger [ INFO] {SystemController}: Controller started: com.creants.creants_2x.core.controllers.SystemController -- Queue: 0/50 
[2017-05-05 14:54:26,982] [main []] TraceLogger [ INFO] {ExtensionController}: - init ExtensionController 
[2017-05-05 14:54:26,983] [main []] TraceLogger [ INFO] {ExtensionController}: Controller started: com.creants.creants_2x.core.controllers.ExtensionController -- Queue: 0/50 
[2017-05-05 14:54:26,989] [main []] TraceLogger [ INFO] {QAntZoneManager}: 

::::::::::::::::::::::::::::::::::::::::::::::::::::::::::::::::::::::::::::::
 >> Zone: MuFantasy 
::::::::::::::::::::::::::::::::::::::::::::::::::::::::::::::::::::::::::::::
 
[2017-05-05 14:54:27,012] [main []] TraceLogger [DEBUG] {MuFantasyExtension}: ========================= START MU ========================= 
[2017-05-05 14:54:27,016] [main []] TraceLogger [DEBUG] {MuFantasyExtension}: ========================= MU STARTED ========================= 
[2017-05-05 14:54:27,226] [nioEventLoopGroup-2-1 []] TraceLogger [ INFO] {}: SOCKET SERVER INFO:/192.168.1.40:8888 
[2017-05-05 14:54:27,228] [main []] TraceLogger [DEBUG] {QAntServer}: ======================== QUEEN ANT SOCKET STARTED ===================== 
[2017-05-05 14:54:27,228] [nioEventLoopGroup-2-2 []] TraceLogger [ INFO] {}: WEBSOCKET SERVER INFO:/192.168.1.40:8889 
[2017-05-05 14:54:31,707] [nioEventLoopGroup-3-1 []] TraceLogger [ INFO] {DefaultChannelManager}: Session created: [id: 0xaf4525d5, L:/192.168.1.40:8889 - R:/192.168.1.40:57866], address: /192.168.1.40:8889 
[2017-05-05 14:54:36,769] [com.creants.creants_2x.core.controllers.SystemController-1 []] TraceLogger [DEBUG] {SystemController}: {IN}: Login 
[2017-05-05 14:54:56,409] [nioEventLoopGroup-3-1 []] TraceLogger [DEBUG] {}: - Send:
	(short) a: 1
	(byte) c: 0
	(qant_object) p: 
		(long) mn: 10000
		(long) uid: 286
		(utf_string) tk: eyJhbGciOiJIUzI1NiJ9.eyJpZCI6IjI4NiIsImV4cCI6MTQ5NDgzNDg5MCwiaXNzIjoiYXV0aDAiLCJ0dGwiOjg2NDAwMDAwMH0.K22-81V6fgAjqKV319Ri0RrJ7HmgUaYC2m3TtAg7mek
		(utf_string) avt: http://i.imgur.com/QY8Vbva.png
		(utf_string) fn: test1001
		
	
	
 
[2017-05-05 14:54:56,422] [com.creants.creants_2x.core.controllers.ExtensionController-1 []] TraceLogger [DEBUG] {ExtensionController}: [Req Type: TCP, Sender: [id: 0xaf4525d5, L:/192.168.1.40:8889 - R:/192.168.1.40:57866]] 
[2017-05-05 14:54:56,422] [com.creants.creants_2x.core.controllers.ExtensionController-1 []] TraceLogger [DEBUG] {ExtensionController}: 
	(utf_string) c: cmd_chat
	(qant_object) p: 
		(utf_string) msg: hello lamha
		
	
	
 
[2017-05-05 14:56:45,277] [com.creants.creants_2x.core.controllers.ExtensionController-1 []] TraceLogger [DEBUG] {ExtensionController}: Extension call executed in: 108853 milisecond 
[2017-05-05 14:57:24,479] [main []] TraceLogger [DEBUG] {QAntServer}: ======================== QUEEN ANT SOCKET ===================== 
[2017-05-05 14:57:24,518] [main []] TraceLogger [ INFO] {APIManager}: - init APIManager 
[2017-05-05 14:57:24,526] [main []] TraceLogger [ INFO] {QAntEventManager}: - init QAntEventManager 
[2017-05-05 14:57:24,531] [main []] TraceLogger [DEBUG] {QAntExtensionManager}: Extension Manager started. 
[2017-05-05 14:57:24,538] [main []] TraceLogger [ INFO] {SystemController}: Controller started: com.creants.creants_2x.core.controllers.SystemController -- Queue: 0/50 
[2017-05-05 14:57:24,538] [main []] TraceLogger [ INFO] {ExtensionController}: - init ExtensionController 
[2017-05-05 14:57:24,539] [main []] TraceLogger [ INFO] {ExtensionController}: Controller started: com.creants.creants_2x.core.controllers.ExtensionController -- Queue: 0/50 
[2017-05-05 14:57:24,545] [main []] TraceLogger [ INFO] {QAntZoneManager}: 

::::::::::::::::::::::::::::::::::::::::::::::::::::::::::::::::::::::::::::::
 >> Zone: MuFantasy 
::::::::::::::::::::::::::::::::::::::::::::::::::::::::::::::::::::::::::::::
 
[2017-05-05 14:57:24,613] [main []] TraceLogger [DEBUG] {MuFantasyExtension}: ========================= START MU ========================= 
[2017-05-05 14:57:24,617] [main []] TraceLogger [DEBUG] {MuFantasyExtension}: ========================= MU STARTED ========================= 
[2017-05-05 14:57:24,855] [main []] TraceLogger [DEBUG] {QAntServer}: ======================== QUEEN ANT SOCKET STARTED ===================== 
[2017-05-05 14:57:24,855] [nioEventLoopGroup-2-2 []] TraceLogger [ INFO] {}: WEBSOCKET SERVER INFO:/192.168.1.40:8889 
[2017-05-05 14:57:24,855] [nioEventLoopGroup-2-1 []] TraceLogger [ INFO] {}: SOCKET SERVER INFO:/192.168.1.40:8888 
[2017-05-05 14:57:31,083] [nioEventLoopGroup-3-1 []] TraceLogger [ INFO] {DefaultChannelManager}: Session created: [id: 0x42ab114e, L:/192.168.1.40:8889 - R:/192.168.1.40:57912], address: /192.168.1.40:8889 
[2017-05-05 14:57:36,459] [com.creants.creants_2x.core.controllers.SystemController-1 []] TraceLogger [DEBUG] {SystemController}: {IN}: Login 
[2017-05-05 14:57:50,111] [nioEventLoopGroup-3-1 []] TraceLogger [DEBUG] {}: - Send:
	(short) a: 1
	(byte) c: 0
	(qant_object) p: 
		(long) mn: 10000
		(long) uid: 286
		(utf_string) tk: eyJhbGciOiJIUzI1NiJ9.eyJpZCI6IjI4NiIsImV4cCI6MTQ5NDgzNTA3MCwiaXNzIjoiYXV0aDAiLCJ0dGwiOjg2NDAwMDAwMH0.Golddwx6VLUA_hcpB0c_kd_g5VeLab-yULD0c-82--8
		(utf_string) avt: http://i.imgur.com/QY8Vbva.png
		(utf_string) fn: test1001
		
	
	
 
[2017-05-05 14:57:50,124] [com.creants.creants_2x.core.controllers.ExtensionController-1 []] TraceLogger [DEBUG] {ExtensionController}: [Req Type: TCP, Sender: [id: 0x42ab114e, L:/192.168.1.40:8889 - R:/192.168.1.40:57912]] 
[2017-05-05 14:57:50,125] [com.creants.creants_2x.core.controllers.ExtensionController-1 []] TraceLogger [DEBUG] {ExtensionController}: 
	(utf_string) c: cmd_chat
	(qant_object) p: 
		(utf_string) msg: hello lamha
		
	
	
 
[2017-05-05 14:58:13,235] [com.creants.creants_2x.core.controllers.ExtensionController-1 []] TraceLogger [DEBUG] {ExtensionController}: Extension call executed in: 23108 milisecond 
[2017-05-05 14:58:25,563] [main []] TraceLogger [DEBUG] {QAntServer}: ======================== QUEEN ANT SOCKET ===================== 
[2017-05-05 14:58:25,585] [main []] TraceLogger [ INFO] {APIManager}: - init APIManager 
[2017-05-05 14:58:25,591] [main []] TraceLogger [ INFO] {QAntEventManager}: - init QAntEventManager 
[2017-05-05 14:58:25,594] [main []] TraceLogger [DEBUG] {QAntExtensionManager}: Extension Manager started. 
[2017-05-05 14:58:25,598] [main []] TraceLogger [ INFO] {SystemController}: Controller started: com.creants.creants_2x.core.controllers.SystemController -- Queue: 0/50 
[2017-05-05 14:58:25,598] [main []] TraceLogger [ INFO] {ExtensionController}: - init ExtensionController 
[2017-05-05 14:58:25,599] [main []] TraceLogger [ INFO] {ExtensionController}: Controller started: com.creants.creants_2x.core.controllers.ExtensionController -- Queue: 0/50 
[2017-05-05 14:58:25,601] [main []] TraceLogger [ INFO] {QAntZoneManager}: 

::::::::::::::::::::::::::::::::::::::::::::::::::::::::::::::::::::::::::::::
 >> Zone: MuFantasy 
::::::::::::::::::::::::::::::::::::::::::::::::::::::::::::::::::::::::::::::
 
[2017-05-05 14:58:25,610] [main []] TraceLogger [DEBUG] {MuFantasyExtension}: ========================= START MU ========================= 
[2017-05-05 14:58:25,614] [main []] TraceLogger [DEBUG] {MuFantasyExtension}: ========================= MU STARTED ========================= 
[2017-05-05 14:58:25,911] [nioEventLoopGroup-2-1 []] TraceLogger [ INFO] {}: SOCKET SERVER INFO:/192.168.1.40:8888 
[2017-05-05 14:58:25,912] [main []] TraceLogger [DEBUG] {QAntServer}: ======================== QUEEN ANT SOCKET STARTED ===================== 
[2017-05-05 14:58:25,912] [nioEventLoopGroup-2-2 []] TraceLogger [ INFO] {}: WEBSOCKET SERVER INFO:/192.168.1.40:8889 
[2017-05-05 14:58:39,751] [nioEventLoopGroup-3-1 []] TraceLogger [ INFO] {DefaultChannelManager}: Session created: [id: 0xa15fd49c, L:/192.168.1.40:8889 - R:/192.168.1.40:57970], address: /192.168.1.40:8889 
[2017-05-05 14:58:44,596] [com.creants.creants_2x.core.controllers.SystemController-1 []] TraceLogger [DEBUG] {SystemController}: {IN}: Login 
[2017-05-05 14:58:44,907] [nioEventLoopGroup-3-1 []] TraceLogger [DEBUG] {}: - Send:
	(short) a: 1
	(byte) c: 0
	(qant_object) p: 
		(long) mn: 10000
		(long) uid: 286
		(utf_string) tk: eyJhbGciOiJIUzI1NiJ9.eyJpZCI6IjI4NiIsImV4cCI6MTQ5NDgzNTEzOCwiaXNzIjoiYXV0aDAiLCJ0dGwiOjg2NDAwMDAwMH0.rBN8nlsdmpH5kOaAZJ6NVDGoQ0sjuthUSW34CPhRo4s
		(utf_string) avt: http://i.imgur.com/QY8Vbva.png
		(utf_string) fn: test1001
		
	
	
 
[2017-05-05 14:58:44,929] [com.creants.creants_2x.core.controllers.ExtensionController-1 []] TraceLogger [DEBUG] {ExtensionController}: [Req Type: TCP, Sender: [id: 0xa15fd49c, L:/192.168.1.40:8889 - R:/192.168.1.40:57970]] 
[2017-05-05 14:58:44,930] [com.creants.creants_2x.core.controllers.ExtensionController-1 []] TraceLogger [DEBUG] {ExtensionController}: 
	(utf_string) c: cmd_chat
	(qant_object) p: 
		(utf_string) msg: hello lamha
		
	
	
 
[2017-05-05 14:58:45,018] [com.creants.creants_2x.core.controllers.ExtensionController-1 []] TraceLogger [DEBUG] {ExtensionController}: Extension call executed in: 88 milisecond 
[2017-05-05 14:58:53,940] [nioEventLoopGroup-3-2 []] TraceLogger [ INFO] {DefaultChannelManager}: Session created: [id: 0x9f722fb9, L:/192.168.1.40:8889 - R:/192.168.1.40:57984], address: /192.168.1.40:8889 
[2017-05-05 14:58:58,402] [com.creants.creants_2x.core.controllers.SystemController-1 []] TraceLogger [DEBUG] {SystemController}: {IN}: Login 
[2017-05-05 14:58:58,493] [nioEventLoopGroup-3-2 []] TraceLogger [DEBUG] {}: - Send:
	(short) a: 1
	(byte) c: 0
	(qant_object) p: 
		(long) mn: 10000
		(long) uid: 287
		(utf_string) tk: eyJhbGciOiJIUzI1NiJ9.eyJpZCI6IjI4NyIsImV4cCI6MTQ5NDgzNTE1MiwiaXNzIjoiYXV0aDAiLCJ0dGwiOjg2NDAwMDAwMH0.D8ar-GZzVCVvW_TnLMuAJpCVNOxUe3TobWXxbz2acqQ
		(utf_string) avt: http://i.imgur.com/997n24i.png
		(utf_string) fn: testuser999
		
	
	
 
[2017-05-05 14:58:58,503] [com.creants.creants_2x.core.controllers.ExtensionController-1 []] TraceLogger [DEBUG] {ExtensionController}: [Req Type: TCP, Sender: [id: 0x9f722fb9, L:/192.168.1.40:8889 - R:/192.168.1.40:57984]] 
[2017-05-05 14:58:58,503] [com.creants.creants_2x.core.controllers.ExtensionController-1 []] TraceLogger [DEBUG] {ExtensionController}: 
	(utf_string) c: cmd_chat
	(qant_object) p: 
		(utf_string) msg: hello lamha
		
	
	
 
[2017-05-05 14:58:58,504] [com.creants.creants_2x.core.controllers.ExtensionController-1 []] TraceLogger [DEBUG] {ExtensionController}: Extension call executed in: 1 milisecond 
[2017-05-05 14:59:58,094] [main []] TraceLogger [DEBUG] {QAntServer}: ======================== QUEEN ANT SOCKET ===================== 
[2017-05-05 14:59:58,116] [main []] TraceLogger [ INFO] {APIManager}: - init APIManager 
[2017-05-05 14:59:58,125] [main []] TraceLogger [ INFO] {QAntEventManager}: - init QAntEventManager 
[2017-05-05 14:59:58,128] [main []] TraceLogger [DEBUG] {QAntExtensionManager}: Extension Manager started. 
[2017-05-05 14:59:58,133] [main []] TraceLogger [ INFO] {SystemController}: Controller started: com.creants.creants_2x.core.controllers.SystemController -- Queue: 0/50 
[2017-05-05 14:59:58,133] [main []] TraceLogger [ INFO] {ExtensionController}: - init ExtensionController 
[2017-05-05 14:59:58,133] [main []] TraceLogger [ INFO] {ExtensionController}: Controller started: com.creants.creants_2x.core.controllers.ExtensionController -- Queue: 0/50 
[2017-05-05 14:59:58,136] [main []] TraceLogger [ INFO] {QAntZoneManager}: 

::::::::::::::::::::::::::::::::::::::::::::::::::::::::::::::::::::::::::::::
 >> Zone: MuFantasy 
::::::::::::::::::::::::::::::::::::::::::::::::::::::::::::::::::::::::::::::
 
[2017-05-05 14:59:58,197] [main []] TraceLogger [DEBUG] {MuFantasyExtension}: ========================= START MU ========================= 
[2017-05-05 14:59:58,200] [main []] TraceLogger [DEBUG] {MuFantasyExtension}: ========================= MU STARTED ========================= 
[2017-05-05 14:59:58,483] [nioEventLoopGroup-2-1 []] TraceLogger [ INFO] {}: SOCKET SERVER INFO:/192.168.1.40:8888 
[2017-05-05 14:59:58,483] [main []] TraceLogger [DEBUG] {QAntServer}: ======================== QUEEN ANT SOCKET STARTED ===================== 
[2017-05-05 14:59:58,483] [nioEventLoopGroup-2-2 []] TraceLogger [ INFO] {}: WEBSOCKET SERVER INFO:/192.168.1.40:8889 
[2017-05-05 15:00:09,973] [nioEventLoopGroup-3-1 []] TraceLogger [ INFO] {DefaultChannelManager}: Session created: [id: 0xd50124bf, L:/192.168.1.40:8889 - R:/192.168.1.40:58033], address: /192.168.1.40:8889 
[2017-05-05 15:00:14,114] [com.creants.creants_2x.core.controllers.SystemController-1 []] TraceLogger [DEBUG] {SystemController}: {IN}: Login 
[2017-05-05 15:00:14,422] [nioEventLoopGroup-3-1 []] TraceLogger [DEBUG] {}: - Send:
	(short) a: 1
	(byte) c: 0
	(qant_object) p: 
		(long) mn: 10000
		(long) uid: 286
		(utf_string) tk: eyJhbGciOiJIUzI1NiJ9.eyJpZCI6IjI4NiIsImV4cCI6MTQ5NDgzNTIyOCwiaXNzIjoiYXV0aDAiLCJ0dGwiOjg2NDAwMDAwMH0.ryAdiaIfWKIjea-Zqhl6eys0YBNEcRboXM1qx_J4Zho
		(utf_string) avt: http://i.imgur.com/QY8Vbva.png
		(utf_string) fn: test1001
		
	
	
 
[2017-05-05 15:00:14,436] [com.creants.creants_2x.core.controllers.ExtensionController-1 []] TraceLogger [DEBUG] {ExtensionController}: [Req Type: TCP, Sender: [id: 0xd50124bf, L:/192.168.1.40:8889 - R:/192.168.1.40:58033]] 
[2017-05-05 15:00:14,437] [com.creants.creants_2x.core.controllers.ExtensionController-1 []] TraceLogger [DEBUG] {ExtensionController}: 
	(utf_string) c: cmd_chat
	(qant_object) p: 
		(utf_string) msg: hello lamha
		
	
	
 
[2017-05-05 15:00:14,494] [com.creants.creants_2x.core.controllers.ExtensionController-1 []] TraceLogger [DEBUG] {ExtensionController}: Extension call executed in: 57 milisecond 
[2017-05-05 16:29:54,203] [main []] TraceLogger [DEBUG] {QAntServer}: ======================== QUEEN ANT SOCKET ===================== 
[2017-05-05 16:29:54,253] [main []] TraceLogger [ INFO] {APIManager}: - init APIManager 
[2017-05-05 16:29:54,258] [main []] TraceLogger [ INFO] {QAntEventManager}: - init QAntEventManager 
[2017-05-05 16:29:54,260] [main []] TraceLogger [DEBUG] {QAntExtensionManager}: Extension Manager started. 
[2017-05-05 16:29:54,264] [main []] TraceLogger [ INFO] {SystemController}: Controller started: com.creants.creants_2x.core.controllers.SystemController -- Queue: 0/50 
[2017-05-05 16:29:54,264] [main []] TraceLogger [ INFO] {ExtensionController}: - init ExtensionController 
[2017-05-05 16:29:54,265] [main []] TraceLogger [ INFO] {ExtensionController}: Controller started: com.creants.creants_2x.core.controllers.ExtensionController -- Queue: 0/50 
[2017-05-05 16:29:54,268] [main []] TraceLogger [ INFO] {QAntZoneManager}: 

::::::::::::::::::::::::::::::::::::::::::::::::::::::::::::::::::::::::::::::
 >> Zone: MuFantasy 
::::::::::::::::::::::::::::::::::::::::::::::::::::::::::::::::::::::::::::::
 
[2017-05-05 16:29:54,275] [main []] TraceLogger [DEBUG] {MuFantasyExtension}: ========================= START MU ========================= 
[2017-05-05 16:29:54,278] [main []] TraceLogger [DEBUG] {MuFantasyExtension}: ========================= MU STARTED ========================= 
[2017-05-05 16:29:54,438] [nioEventLoopGroup-2-1 []] TraceLogger [ INFO] {}: SOCKET SERVER INFO:/192.168.1.40:8888 
[2017-05-05 16:29:54,438] [nioEventLoopGroup-2-2 []] TraceLogger [ INFO] {}: WEBSOCKET SERVER INFO:/192.168.1.40:8889 
[2017-05-05 16:29:54,438] [main []] TraceLogger [DEBUG] {QAntServer}: ======================== QUEEN ANT SOCKET STARTED ===================== 
[2017-05-05 16:30:03,169] [nioEventLoopGroup-3-1 []] TraceLogger [ INFO] {DefaultChannelManager}: Session created: [id: 0xf3cd9302, L:/192.168.1.40:8889 - R:/192.168.1.40:58331], address: /192.168.1.40:8889 
[2017-05-05 16:30:13,219] [com.creants.creants_2x.core.controllers.SystemController-1 []] TraceLogger [DEBUG] {SystemController}: {IN}: Login 
[2017-05-05 16:30:13,539] [nioEventLoopGroup-3-1 []] TraceLogger [DEBUG] {}: - Send:
	(short) a: 1
	(byte) c: 0
	(qant_object) p: 
		(long) mn: 10000
		(long) uid: 286
		(utf_string) tk: eyJhbGciOiJIUzI1NiJ9.eyJpZCI6IjI4NiIsImV4cCI6MTQ5NDg0MDYyNywiaXNzIjoiYXV0aDAiLCJ0dGwiOjg2NDAwMDAwMH0.j1_HKKL87a4-rzb3jFH8OdUGXQBz_W3vhKH2cI_eEKw
		(utf_string) avt: http://i.imgur.com/QY8Vbva.png
		(utf_string) fn: test1001
		
	
	
 
[2017-05-05 16:30:13,557] [com.creants.creants_2x.core.controllers.ExtensionController-1 []] TraceLogger [DEBUG] {ExtensionController}: [Req Type: TCP, Sender: [id: 0xf3cd9302, L:/192.168.1.40:8889 - R:/192.168.1.40:58331]] 
[2017-05-05 16:30:13,558] [com.creants.creants_2x.core.controllers.ExtensionController-1 []] TraceLogger [DEBUG] {ExtensionController}: 
	(utf_string) c: cmd_chat
	(qant_object) p: 
		(utf_string) msg: hello lamha
		
	
	
 
[2017-05-05 16:30:13,645] [com.creants.creants_2x.core.controllers.ExtensionController-1 []] TraceLogger [DEBUG] {ExtensionController}: Extension call executed in: 87 milisecond 
[2017-05-05 16:40:36,641] [main []] TraceLogger [DEBUG] {QAntServer}: ======================== QUEEN ANT SOCKET ===================== 
[2017-05-05 16:40:36,716] [main []] TraceLogger [ INFO] {APIManager}: - init APIManager 
[2017-05-05 16:40:36,722] [main []] TraceLogger [ INFO] {QAntEventManager}: - init QAntEventManager 
[2017-05-05 16:40:36,727] [main []] TraceLogger [DEBUG] {QAntExtensionManager}: Extension Manager started. 
[2017-05-05 16:40:36,732] [main []] TraceLogger [ INFO] {SystemController}: Controller started: com.creants.creants_2x.core.controllers.SystemController -- Queue: 0/50 
[2017-05-05 16:40:36,732] [main []] TraceLogger [ INFO] {ExtensionController}: - init ExtensionController 
[2017-05-05 16:40:36,733] [main []] TraceLogger [ INFO] {ExtensionController}: Controller started: com.creants.creants_2x.core.controllers.ExtensionController -- Queue: 0/50 
[2017-05-05 16:40:36,736] [main []] TraceLogger [ INFO] {QAntZoneManager}: 

::::::::::::::::::::::::::::::::::::::::::::::::::::::::::::::::::::::::::::::
 >> Zone: MuFantasy 
::::::::::::::::::::::::::::::::::::::::::::::::::::::::::::::::::::::::::::::
 
[2017-05-05 16:40:36,755] [main []] TraceLogger [DEBUG] {MuFantasyExtension}: ========================= START MU ========================= 
[2017-05-05 16:40:36,760] [main []] TraceLogger [DEBUG] {MuFantasyExtension}: ========================= MU STARTED ========================= 
[2017-05-05 16:40:36,976] [nioEventLoopGroup-2-1 []] TraceLogger [ INFO] {}: SOCKET SERVER INFO:/192.168.1.40:8888 
[2017-05-05 16:40:36,977] [nioEventLoopGroup-2-2 []] TraceLogger [ INFO] {}: WEBSOCKET SERVER INFO:/192.168.1.40:8889 
[2017-05-05 16:40:36,976] [main []] TraceLogger [DEBUG] {QAntServer}: ======================== QUEEN ANT SOCKET STARTED ===================== 
[2017-05-05 16:41:02,067] [nioEventLoopGroup-3-1 []] TraceLogger [ INFO] {DefaultChannelManager}: Session created: [id: 0xe412245f, L:/192.168.1.40:8889 - R:/192.168.1.40:58402], address: /192.168.1.40:8889 
[2017-05-05 16:41:05,867] [com.creants.creants_2x.core.controllers.SystemController-1 []] TraceLogger [DEBUG] {SystemController}: {IN}: Login 
[2017-05-05 16:43:31,367] [nioEventLoopGroup-3-1 []] TraceLogger [DEBUG] {}: - Send:
	(short) a: 1
	(byte) c: 0
	(qant_object) p: 
		(long) mn: 10000
		(long) uid: 286
		(utf_string) tk: eyJhbGciOiJIUzI1NiJ9.eyJpZCI6IjI4NiIsImV4cCI6MTQ5NDg0MTI4MCwiaXNzIjoiYXV0aDAiLCJ0dGwiOjg2NDAwMDAwMH0.0rKUfdCSC7XGIcgtdRxlOjMCfjB22YZYJkbGo9weEWk
		(utf_string) avt: http://i.imgur.com/QY8Vbva.png
		(utf_string) fn: test1001
		
	
	
 
[2017-05-05 16:43:31,382] [com.creants.creants_2x.core.controllers.ExtensionController-1 []] TraceLogger [DEBUG] {ExtensionController}: [Req Type: TCP, Sender: [id: 0xe412245f, L:/192.168.1.40:8889 - R:/192.168.1.40:58402]] 
[2017-05-05 16:43:31,382] [com.creants.creants_2x.core.controllers.ExtensionController-1 []] TraceLogger [DEBUG] {ExtensionController}: 
	(utf_string) c: cmd_chat
	(qant_object) p: 
		(utf_string) msg: hello lamha
		
	
	
 
[2017-05-05 16:43:31,625] [com.creants.creants_2x.core.controllers.ExtensionController-1 []] TraceLogger [DEBUG] {ExtensionController}: Extension call executed in: 242 milisecond 
[2017-05-05 16:49:30,422] [main []] TraceLogger [DEBUG] {QAntServer}: ======================== QUEEN ANT SOCKET ===================== 
[2017-05-05 16:49:30,447] [main []] TraceLogger [ INFO] {APIManager}: - init APIManager 
[2017-05-05 16:49:30,453] [main []] TraceLogger [ INFO] {QAntEventManager}: - init QAntEventManager 
[2017-05-05 16:49:30,458] [main []] TraceLogger [DEBUG] {QAntExtensionManager}: Extension Manager started. 
[2017-05-05 16:49:30,463] [main []] TraceLogger [ INFO] {SystemController}: Controller started: com.creants.creants_2x.core.controllers.SystemController -- Queue: 0/50 
[2017-05-05 16:49:30,464] [main []] TraceLogger [ INFO] {ExtensionController}: - init ExtensionController 
[2017-05-05 16:49:30,464] [main []] TraceLogger [ INFO] {ExtensionController}: Controller started: com.creants.creants_2x.core.controllers.ExtensionController -- Queue: 0/50 
[2017-05-05 16:49:30,469] [main []] TraceLogger [ INFO] {QAntZoneManager}: 

::::::::::::::::::::::::::::::::::::::::::::::::::::::::::::::::::::::::::::::
 >> Zone: MuFantasy 
::::::::::::::::::::::::::::::::::::::::::::::::::::::::::::::::::::::::::::::
 
[2017-05-05 16:49:30,479] [main []] TraceLogger [DEBUG] {MuFantasyExtension}: ========================= START MU ========================= 
[2017-05-05 16:49:30,482] [main []] TraceLogger [DEBUG] {MuFantasyExtension}: ========================= MU STARTED ========================= 
[2017-05-05 16:49:30,689] [nioEventLoopGroup-2-1 []] TraceLogger [ INFO] {}: SOCKET SERVER INFO:/192.168.1.40:8888 
[2017-05-05 16:49:30,691] [nioEventLoopGroup-2-2 []] TraceLogger [ INFO] {}: WEBSOCKET SERVER INFO:/192.168.1.40:8889 
[2017-05-05 16:49:30,691] [main []] TraceLogger [DEBUG] {QAntServer}: ======================== QUEEN ANT SOCKET STARTED ===================== 
[2017-05-05 16:49:54,622] [nioEventLoopGroup-3-1 []] TraceLogger [ INFO] {DefaultChannelManager}: Session created: [id: 0x4b5143aa, L:/192.168.1.40:8889 - R:/192.168.1.40:58467], address: /192.168.1.40:8889 
[2017-05-05 16:49:59,635] [com.creants.creants_2x.core.controllers.SystemController-1 []] TraceLogger [DEBUG] {SystemController}: {IN}: Login 
[2017-05-05 16:50:30,180] [nioEventLoopGroup-3-1 []] TraceLogger [DEBUG] {}: - Send:
	(short) a: 1
	(byte) c: 0
	(qant_object) p: 
		(long) mn: 10000
		(long) uid: 286
		(utf_string) tk: eyJhbGciOiJIUzI1NiJ9.eyJpZCI6IjI4NiIsImV4cCI6MTQ5NDg0MTgxMywiaXNzIjoiYXV0aDAiLCJ0dGwiOjg2NDAwMDAwMH0.yqjCOL9qRVqYn9PMQ3AGFgOpVOrX6DpUh3WZoNN8u80
		(utf_string) avt: http://i.imgur.com/QY8Vbva.png
		(utf_string) fn: test1001
		
	
	
 
[2017-05-05 16:50:30,198] [com.creants.creants_2x.core.controllers.ExtensionController-1 []] TraceLogger [DEBUG] {ExtensionController}: [Req Type: TCP, Sender: [id: 0x4b5143aa, L:/192.168.1.40:8889 - R:/192.168.1.40:58467]] 
[2017-05-05 16:50:30,198] [com.creants.creants_2x.core.controllers.ExtensionController-1 []] TraceLogger [DEBUG] {ExtensionController}: 
	(utf_string) c: cmd_chat
	(qant_object) p: 
		(utf_string) msg: hello lamha
		
	
	
 
[2017-05-05 16:50:36,467] [com.creants.creants_2x.core.controllers.ExtensionController-1 []] TraceLogger [DEBUG] {ExtensionController}: Extension call executed in: 6268 milisecond 
[2017-05-05 17:06:09,655] [main []] TraceLogger [DEBUG] {QAntServer}: ======================== QUEEN ANT SOCKET ===================== 
[2017-05-05 17:06:09,675] [main []] TraceLogger [ INFO] {APIManager}: - init APIManager 
[2017-05-05 17:06:09,685] [main []] TraceLogger [ INFO] {QAntEventManager}: - init QAntEventManager 
[2017-05-05 17:06:09,689] [main []] TraceLogger [DEBUG] {QAntExtensionManager}: Extension Manager started. 
[2017-05-05 17:06:09,693] [main []] TraceLogger [ INFO] {SystemController}: Controller started: com.creants.creants_2x.core.controllers.SystemController -- Queue: 0/50 
[2017-05-05 17:06:09,693] [main []] TraceLogger [ INFO] {ExtensionController}: - init ExtensionController 
[2017-05-05 17:06:09,693] [main []] TraceLogger [ INFO] {ExtensionController}: Controller started: com.creants.creants_2x.core.controllers.ExtensionController -- Queue: 0/50 
[2017-05-05 17:06:09,696] [main []] TraceLogger [ INFO] {QAntZoneManager}: 

::::::::::::::::::::::::::::::::::::::::::::::::::::::::::::::::::::::::::::::
 >> Zone: MuFantasy 
::::::::::::::::::::::::::::::::::::::::::::::::::::::::::::::::::::::::::::::
 
[2017-05-05 17:06:09,705] [main []] TraceLogger [DEBUG] {MuFantasyExtension}: ========================= START MU ========================= 
[2017-05-05 17:06:09,708] [main []] TraceLogger [DEBUG] {MuFantasyExtension}: ========================= MU STARTED ========================= 
[2017-05-05 17:06:09,874] [main []] TraceLogger [DEBUG] {QAntServer}: ======================== QUEEN ANT SOCKET STARTED ===================== 
[2017-05-05 17:06:09,874] [nioEventLoopGroup-2-1 []] TraceLogger [ INFO] {}: SOCKET SERVER INFO:/192.168.1.40:8888 
[2017-05-05 17:06:09,874] [nioEventLoopGroup-2-2 []] TraceLogger [ INFO] {}: WEBSOCKET SERVER INFO:/192.168.1.40:8889 
[2017-05-05 17:06:14,792] [nioEventLoopGroup-3-1 []] TraceLogger [ INFO] {DefaultChannelManager}: Session created: [id: 0x6b5075ad, L:/192.168.1.40:8889 - R:/192.168.1.40:58567], address: /192.168.1.40:8889 
[2017-05-05 17:06:19,508] [com.creants.creants_2x.core.controllers.SystemController-1 []] TraceLogger [DEBUG] {SystemController}: {IN}: Login 
[2017-05-05 17:06:35,229] [nioEventLoopGroup-3-1 []] TraceLogger [DEBUG] {}: - Send:
	(short) a: 1
	(byte) c: 0
	(qant_object) p: 
		(long) mn: 10000
		(long) uid: 286
		(utf_string) tk: eyJhbGciOiJIUzI1NiJ9.eyJpZCI6IjI4NiIsImV4cCI6MTQ5NDg0Mjc5MywiaXNzIjoiYXV0aDAiLCJ0dGwiOjg2NDAwMDAwMH0.czsl-6RNQ7sWtm0XJH8YW1o7LoOCR3jO-FZxTNVzr1M
		(utf_string) avt: http://i.imgur.com/QY8Vbva.png
		(utf_string) fn: test1001
		
	
	
 
[2017-05-05 17:06:35,243] [com.creants.creants_2x.core.controllers.ExtensionController-1 []] TraceLogger [DEBUG] {ExtensionController}: [Req Type: TCP, Sender: [id: 0x6b5075ad, L:/192.168.1.40:8889 - R:/192.168.1.40:58567]] 
[2017-05-05 17:06:35,244] [com.creants.creants_2x.core.controllers.ExtensionController-1 []] TraceLogger [DEBUG] {ExtensionController}: 
	(utf_string) c: cmd_chat
	(qant_object) p: 
		(utf_string) msg: hello lamha
		
	
	
 
[2017-05-05 17:06:35,296] [com.creants.creants_2x.core.controllers.ExtensionController-1 []] TraceLogger [DEBUG] {ExtensionController}: Extension call executed in: 52 milisecond 
[2017-05-05 18:09:01,335] [main []] TraceLogger [DEBUG] {QAntServer}: ======================== QUEEN ANT SOCKET ===================== 
[2017-05-05 18:09:01,354] [main []] TraceLogger [ INFO] {APIManager}: - init APIManager 
[2017-05-05 18:09:01,358] [main []] TraceLogger [ INFO] {QAntEventManager}: - init QAntEventManager 
[2017-05-05 18:09:01,361] [main []] TraceLogger [DEBUG] {QAntExtensionManager}: Extension Manager started. 
[2017-05-05 18:09:01,365] [main []] TraceLogger [ INFO] {SystemController}: Controller started: com.creants.creants_2x.core.controllers.SystemController -- Queue: 0/50 
[2017-05-05 18:09:01,366] [main []] TraceLogger [ INFO] {ExtensionController}: - init ExtensionController 
[2017-05-05 18:09:01,366] [main []] TraceLogger [ INFO] {ExtensionController}: Controller started: com.creants.creants_2x.core.controllers.ExtensionController -- Queue: 0/50 
[2017-05-05 18:09:01,369] [main []] TraceLogger [ INFO] {QAntZoneManager}: 

::::::::::::::::::::::::::::::::::::::::::::::::::::::::::::::::::::::::::::::
 >> Zone: MuFantasy 
::::::::::::::::::::::::::::::::::::::::::::::::::::::::::::::::::::::::::::::
 
[2017-05-05 18:09:01,376] [main []] TraceLogger [DEBUG] {MuFantasyExtension}: ========================= START MU ========================= 
[2017-05-05 18:09:01,379] [main []] TraceLogger [DEBUG] {MuFantasyExtension}: ========================= MU STARTED ========================= 
[2017-05-05 18:09:01,568] [nioEventLoopGroup-2-1 []] TraceLogger [ INFO] {}: SOCKET SERVER INFO:/192.168.1.40:8888 
[2017-05-05 18:09:01,569] [main []] TraceLogger [DEBUG] {QAntServer}: ======================== QUEEN ANT SOCKET STARTED ===================== 
[2017-05-05 18:09:01,569] [nioEventLoopGroup-2-2 []] TraceLogger [ INFO] {}: WEBSOCKET SERVER INFO:/192.168.1.40:8889 
[2017-05-05 18:09:06,549] [nioEventLoopGroup-3-1 []] TraceLogger [ INFO] {DefaultChannelManager}: Session created: [id: 0x52863b5c, L:/192.168.1.40:8889 - R:/192.168.1.40:58888], address: /192.168.1.40:8889 
[2017-05-05 18:09:10,804] [com.creants.creants_2x.core.controllers.SystemController-1 []] TraceLogger [DEBUG] {SystemController}: {IN}: Login 
[2017-05-05 18:09:11,118] [nioEventLoopGroup-3-1 []] TraceLogger [DEBUG] {}: - Send:
	(short) a: 1
	(byte) c: 0
	(qant_object) p: 
		(long) mn: 10000
		(long) uid: 286
		(utf_string) tk: eyJhbGciOiJIUzI1NiJ9.eyJpZCI6IjI4NiIsImV4cCI6MTQ5NDg0NjU2NSwiaXNzIjoiYXV0aDAiLCJ0dGwiOjg2NDAwMDAwMH0.32ZakOBzKC5T_Et-pb5gqmJ4UbXFaTDPxpLO9wFAfWo
		(utf_string) avt: http://i.imgur.com/QY8Vbva.png
		(utf_string) fn: test1001
		
	
	
 
[2017-05-05 18:09:11,139] [com.creants.creants_2x.core.controllers.ExtensionController-1 []] TraceLogger [DEBUG] {ExtensionController}: [Req Type: TCP, Sender: [id: 0x52863b5c, L:/192.168.1.40:8889 - R:/192.168.1.40:58888]] 
[2017-05-05 18:09:11,140] [com.creants.creants_2x.core.controllers.ExtensionController-1 []] TraceLogger [DEBUG] {ExtensionController}: 
	(utf_string) c: cmd_chat
	(qant_object) p: 
		(utf_string) msg: hello lamha
		
	
	
 
[2017-05-05 18:09:11,196] [com.creants.creants_2x.core.controllers.ExtensionController-1 []] TraceLogger [DEBUG] {ExtensionController}: Extension call executed in: 55 milisecond 
[2017-05-05 18:09:18,932] [nioEventLoopGroup-3-2 []] TraceLogger [ INFO] {DefaultChannelManager}: Session created: [id: 0x33c081e8, L:/192.168.1.40:8889 - R:/192.168.1.40:58907], address: /192.168.1.40:8889 
